Command line invocation:
    /Applications/Xcode.app/Contents/Developer/usr/bin/xcodebuild build -project ANCHOR.xcodeproj -scheme ANCHOR -sdk iphonesimulator -destination "platform=iOS Simulator,id=E081CE49-21F7-4B0F-82FD-8CAF85655EC6"

Build settings from command line:
    SDKROOT = iphonesimulator26.0

ComputePackagePrebuildTargetDependencyGraph

Prepare packages

CreateBuildRequest

SendProjectDescription

CreateBuildOperation

ComputeTargetDependencyGraph
note: Building targets in dependency order
note: Target dependency graph (1 target)
    Target 'ANCHOR' in project 'ANCHOR' (no dependencies)

GatherProvisioningInputs

CreateBuildDescription

ExecuteExternalTool /Applications/Xcode.app/Contents/Developer/Toolchains/XcodeDefault.xctoolchain/usr/bin/clang -v -E -dM -isysroot /Applications/Xcode.app/Contents/Developer/Platforms/iPhoneSimulator.platform/Developer/SDKs/iPhoneSimulator26.0.sdk -x c -c /dev/null

ExecuteExternalTool /Applications/Xcode.app/Contents/Developer/usr/bin/momc --dry-run --action generate --swift-version 5.0 --sdkroot /Applications/Xcode.app/Contents/Developer/Platforms/iPhoneSimulator.platform/Developer/SDKs/iPhoneSimulator26.0.sdk --iphonesimulator-deployment-target 18.4 --module ANCHOR /Users/angadkumar16ak/Projects/ANCHOR/ANCHOR/ANCHOR.xcdatamodeld /Users/angadkumar16ak/Library/Developer/Xcode/DerivedData/ANCHOR-auuzivatnxmjwldapwrowirofqbx/Build/Intermediates.noindex/ANCHOR.build/Debug-iphonesimulator/ANCHOR.build/DerivedSources/CoreDataGenerated/ANCHOR

ExecuteExternalTool /Applications/Xcode.app/Contents/Developer/usr/bin/actool --print-asset-tag-combinations --output-format xml1 /Users/angadkumar16ak/Projects/ANCHOR/ANCHOR/Assets.xcassets

ExecuteExternalTool /Applications/Xcode.app/Contents/Developer/usr/bin/actool --version --output-format xml1

ExecuteExternalTool /Applications/Xcode.app/Contents/Developer/Toolchains/XcodeDefault.xctoolchain/usr/bin/swiftc --version

ExecuteExternalTool /Applications/Xcode.app/Contents/Developer/Toolchains/XcodeDefault.xctoolchain/usr/bin/ld -version_details

Build description signature: a9344815d5261e7c2539c5a8e3481cc9
Build description path: /Users/angadkumar16ak/Library/Developer/Xcode/DerivedData/ANCHOR-auuzivatnxmjwldapwrowirofqbx/Build/Intermediates.noindex/XCBuildData/a9344815d5261e7c2539c5a8e3481cc9.xcbuilddata
ClangStatCache /Applications/Xcode.app/Contents/Developer/Toolchains/XcodeDefault.xctoolchain/usr/bin/clang-stat-cache /Applications/Xcode.app/Contents/Developer/Platforms/iPhoneSimulator.platform/Developer/SDKs/iPhoneSimulator26.0.sdk /Users/angadkumar16ak/Library/Developer/Xcode/DerivedData/SDKStatCaches.noindex/iphonesimulator26.0-23A339-26257891a6c027eb51374368541b8346.sdkstatcache
    cd /Users/angadkumar16ak/Projects/ANCHOR/ANCHOR.xcodeproj
    /Applications/Xcode.app/Contents/Developer/Toolchains/XcodeDefault.xctoolchain/usr/bin/clang-stat-cache /Applications/Xcode.app/Contents/Developer/Platforms/iPhoneSimulator.platform/Developer/SDKs/iPhoneSimulator26.0.sdk -o /Users/angadkumar16ak/Library/Developer/Xcode/DerivedData/SDKStatCaches.noindex/iphonesimulator26.0-23A339-26257891a6c027eb51374368541b8346.sdkstatcache

ProcessInfoPlistFile /Users/angadkumar16ak/Library/Developer/Xcode/DerivedData/ANCHOR-auuzivatnxmjwldapwrowirofqbx/Build/Products/Debug-iphonesimulator/ANCHOR.app/Info.plist /Users/angadkumar16ak/Library/Developer/Xcode/DerivedData/ANCHOR-auuzivatnxmjwldapwrowirofqbx/Build/Intermediates.noindex/ANCHOR.build/Debug-iphonesimulator/ANCHOR.build/empty-ANCHOR.plist (in target 'ANCHOR' from project 'ANCHOR')
    cd /Users/angadkumar16ak/Projects/ANCHOR
    builtin-infoPlistUtility /Users/angadkumar16ak/Library/Developer/Xcode/DerivedData/ANCHOR-auuzivatnxmjwldapwrowirofqbx/Build/Intermediates.noindex/ANCHOR.build/Debug-iphonesimulator/ANCHOR.build/empty-ANCHOR.plist -producttype com.apple.product-type.application -genpkginfo /Users/angadkumar16ak/Library/Developer/Xcode/DerivedData/ANCHOR-auuzivatnxmjwldapwrowirofqbx/Build/Products/Debug-iphonesimulator/ANCHOR.app/PkgInfo -expandbuildsettings -format binary -platform iphonesimulator -additionalcontentfile /Users/angadkumar16ak/Library/Developer/Xcode/DerivedData/ANCHOR-auuzivatnxmjwldapwrowirofqbx/Build/Intermediates.noindex/ANCHOR.build/Debug-iphonesimulator/ANCHOR.build/assetcatalog_generated_info.plist -o /Users/angadkumar16ak/Library/Developer/Xcode/DerivedData/ANCHOR-auuzivatnxmjwldapwrowirofqbx/Build/Products/Debug-iphonesimulator/ANCHOR.app/Info.plist

SwiftDriver ANCHOR normal arm64 com.apple.xcode.tools.swift.compiler (in target 'ANCHOR' from project 'ANCHOR')
    cd /Users/angadkumar16ak/Projects/ANCHOR
    builtin-SwiftDriver -- /Applications/Xcode.app/Contents/Developer/Toolchains/XcodeDefault.xctoolchain/usr/bin/swiftc -module-name ANCHOR -Onone -enforce-exclusivity\=checked @/Users/angadkumar16ak/Library/Developer/Xcode/DerivedData/ANCHOR-auuzivatnxmjwldapwrowirofqbx/Build/Intermediates.noindex/ANCHOR.build/Debug-iphonesimulator/ANCHOR.build/Objects-normal/arm64/ANCHOR.SwiftFileList -DDEBUG -enable-bare-slash-regex -enable-experimental-feature DebugDescriptionMacro -sdk /Applications/Xcode.app/Contents/Developer/Platforms/iPhoneSimulator.platform/Developer/SDKs/iPhoneSimulator26.0.sdk -target arm64-apple-ios18.4-simulator -g -module-cache-path /Users/angadkumar16ak/Library/Developer/Xcode/DerivedData/ModuleCache.noindex -Xfrontend -serialize-debugging-options -profile-coverage-mapping -profile-generate -enable-testing -index-store-path /Users/angadkumar16ak/Library/Developer/Xcode/DerivedData/ANCHOR-auuzivatnxmjwldapwrowirofqbx/Index.noindex/DataStore -Xcc -D_LIBCPP_HARDENING_MODE\=_LIBCPP_HARDENING_MODE_DEBUG -swift-version 5 -I /Users/angadkumar16ak/Library/Developer/Xcode/DerivedData/ANCHOR-auuzivatnxmjwldapwrowirofqbx/Build/Products/Debug-iphonesimulator -F /Users/angadkumar16ak/Library/Developer/Xcode/DerivedData/ANCHOR-auuzivatnxmjwldapwrowirofqbx/Build/Products/Debug-iphonesimulator -emit-localized-strings -emit-localized-strings-path /Users/angadkumar16ak/Library/Developer/Xcode/DerivedData/ANCHOR-auuzivatnxmjwldapwrowirofqbx/Build/Intermediates.noindex/ANCHOR.build/Debug-iphonesimulator/ANCHOR.build/Objects-normal/arm64 -c -j12 -enable-batch-mode -incremental -Xcc -ivfsstatcache -Xcc /Users/angadkumar16ak/Library/Developer/Xcode/DerivedData/SDKStatCaches.noindex/iphonesimulator26.0-23A339-26257891a6c027eb51374368541b8346.sdkstatcache -output-file-map /Users/angadkumar16ak/Library/Developer/Xcode/DerivedData/ANCHOR-auuzivatnxmjwldapwrowirofqbx/Build/Intermediates.noindex/ANCHOR.build/Debug-iphonesimulator/ANCHOR.build/Objects-normal/arm64/ANCHOR-OutputFileMap.json -use-frontend-parseable-output -save-temps -no-color-diagnostics -explicit-module-build -module-cache-path /Users/angadkumar16ak/Library/Developer/Xcode/DerivedData/ANCHOR-auuzivatnxmjwldapwrowirofqbx/Build/Intermediates.noindex/SwiftExplicitPrecompiledModules -clang-scanner-module-cache-path /Users/angadkumar16ak/Library/Developer/Xcode/DerivedData/ModuleCache.noindex -sdk-module-cache-path /Users/angadkumar16ak/Library/Developer/Xcode/DerivedData/ModuleCache.noindex -serialize-diagnostics -emit-dependencies -emit-module -emit-module-path /Users/angadkumar16ak/Library/Developer/Xcode/DerivedData/ANCHOR-auuzivatnxmjwldapwrowirofqbx/Build/Intermediates.noindex/ANCHOR.build/Debug-iphonesimulator/ANCHOR.build/Objects-normal/arm64/ANCHOR.swiftmodule -validate-clang-modules-once -clang-build-session-file /Users/angadkumar16ak/Library/Developer/Xcode/DerivedData/ModuleCache.noindex/Session.modulevalidation -Xcc -I/Users/angadkumar16ak/Library/Developer/Xcode/DerivedData/ANCHOR-auuzivatnxmjwldapwrowirofqbx/Build/Intermediates.noindex/ANCHOR.build/Debug-iphonesimulator/ANCHOR.build/swift-overrides.hmap -emit-const-values -Xfrontend -const-gather-protocols-file -Xfrontend /Users/angadkumar16ak/Library/Developer/Xcode/DerivedData/ANCHOR-auuzivatnxmjwldapwrowirofqbx/Build/Intermediates.noindex/ANCHOR.build/Debug-iphonesimulator/ANCHOR.build/Objects-normal/arm64/ANCHOR_const_extract_protocols.json -Xcc -iquote -Xcc /Users/angadkumar16ak/Library/Developer/Xcode/DerivedData/ANCHOR-auuzivatnxmjwldapwrowirofqbx/Build/Intermediates.noindex/ANCHOR.build/Debug-iphonesimulator/ANCHOR.build/ANCHOR-generated-files.hmap -Xcc -I/Users/angadkumar16ak/Library/Developer/Xcode/DerivedData/ANCHOR-auuzivatnxmjwldapwrowirofqbx/Build/Intermediates.noindex/ANCHOR.build/Debug-iphonesimulator/ANCHOR.build/ANCHOR-own-target-headers.hmap -Xcc -I/Users/angadkumar16ak/Library/Developer/Xcode/DerivedData/ANCHOR-auuzivatnxmjwldapwrowirofqbx/Build/Intermediates.noindex/ANCHOR.build/Debug-iphonesimulator/ANCHOR.build/ANCHOR-all-target-headers.hmap -Xcc -iquote -Xcc /Users/angadkumar16ak/Library/Developer/Xcode/DerivedData/ANCHOR-auuzivatnxmjwldapwrowirofqbx/Build/Intermediates.noindex/ANCHOR.build/Debug-iphonesimulator/ANCHOR.build/ANCHOR-project-headers.hmap -Xcc -I/Users/angadkumar16ak/Library/Developer/Xcode/DerivedData/ANCHOR-auuzivatnxmjwldapwrowirofqbx/Build/Products/Debug-iphonesimulator/include -Xcc -I/Users/angadkumar16ak/Library/Developer/Xcode/DerivedData/ANCHOR-auuzivatnxmjwldapwrowirofqbx/Build/Intermediates.noindex/ANCHOR.build/Debug-iphonesimulator/ANCHOR.build/DerivedSources-normal/arm64 -Xcc -I/Users/angadkumar16ak/Library/Developer/Xcode/DerivedData/ANCHOR-auuzivatnxmjwldapwrowirofqbx/Build/Intermediates.noindex/ANCHOR.build/Debug-iphonesimulator/ANCHOR.build/DerivedSources/arm64 -Xcc -I/Users/angadkumar16ak/Library/Developer/Xcode/DerivedData/ANCHOR-auuzivatnxmjwldapwrowirofqbx/Build/Intermediates.noindex/ANCHOR.build/Debug-iphonesimulator/ANCHOR.build/DerivedSources -Xcc -DDEBUG\=1 -emit-objc-header -emit-objc-header-path /Users/angadkumar16ak/Library/Developer/Xcode/DerivedData/ANCHOR-auuzivatnxmjwldapwrowirofqbx/Build/Intermediates.noindex/ANCHOR.build/Debug-iphonesimulator/ANCHOR.build/Objects-normal/arm64/ANCHOR-Swift.h -working-directory /Users/angadkumar16ak/Projects/ANCHOR -experimental-emit-module-separately -disable-cmo

SwiftCompile normal arm64 Compiling\ GradientBackground.swift,\ JournalEntryCard.swift /Users/angadkumar16ak/Projects/ANCHOR/ANCHOR/Views/Components/GradientBackground.swift /Users/angadkumar16ak/Projects/ANCHOR/ANCHOR/Views/Components/JournalEntryCard.swift (in target 'ANCHOR' from project 'ANCHOR')

SwiftCompile normal arm64 /Users/angadkumar16ak/Projects/ANCHOR/ANCHOR/Views/Components/GradientBackground.swift (in target 'ANCHOR' from project 'ANCHOR')
    cd /Users/angadkumar16ak/Projects/ANCHOR
    

SwiftCompile normal arm64 /Users/angadkumar16ak/Projects/ANCHOR/ANCHOR/Views/Components/JournalEntryCard.swift (in target 'ANCHOR' from project 'ANCHOR')
    cd /Users/angadkumar16ak/Projects/ANCHOR
    
/Users/angadkumar16ak/Projects/ANCHOR/ANCHOR/Views/Components/JournalEntryCard.swift:256:27: warning: value 'onTap' was defined but never used; consider replacing with boolean test
            } else if let onTap = onTap {
                      ~~~~^~~~~~~~
                                        != nil

SwiftCompile normal arm64 Compiling\ RecoveryTipCard.swift /Users/angadkumar16ak/Projects/ANCHOR/ANCHOR/Views/Components/RecoveryTipCard.swift (in target 'ANCHOR' from project 'ANCHOR')
SwiftCompile normal arm64 /Users/angadkumar16ak/Projects/ANCHOR/ANCHOR/Views/Components/RecoveryTipCard.swift (in target 'ANCHOR' from project 'ANCHOR')
    cd /Users/angadkumar16ak/Projects/ANCHOR
    

/Applications/Xcode.app/Contents/Developer/Toolchains/XcodeDefault.xctoolchain/usr/bin/swift-frontend -frontend -c /Users/angadkumar16ak/Projects/ANCHOR/ANCHOR/Models/ConflictResolutionViewModelModel.swift /Users/angadkumar16ak/Projects/ANCHOR/ANCHOR/Models/EmailpasswordLoginViewModelModel.swift /Users/angadkumar16ak/Projects/ANCHOR/ANCHOR/Models/EntryCategorizationtaggingViewModelModel.swift /Users/angadkumar16ak/Projects/ANCHOR/ANCHOR/Models/ImplementBackuprestoreFunctionalityViewModelModel.swift /Users/angadkumar16ak/Projects/ANCHOR/ANCHOR/Models/ImplementUserAuthenticationServiceViewModelModel.swift /Users/angadkumar16ak/Projects/ANCHOR/ANCHOR/Models/InitialSyncImplementationViewModelModel.swift /Users/angadkumar16ak/Projects/ANCHOR/ANCHOR/Models/JournalEntry.swift /Users/angadkumar16ak/Projects/ANCHOR/ANCHOR/Models/JournalEntryEntity.swift /Users/angadkumar16ak/Projects/ANCHOR/ANCHOR/Models/ModelExtensions.swift /Users/angadkumar16ak/Projects/ANCHOR/ANCHOR/Models/MoodTrackingInterfaceViewModelModel.swift /Users/angadkumar16ak/Projects/ANCHOR/ANCHOR/Models/OnboardingModels.swift /Users/angadkumar16ak/Projects/ANCHOR/ANCHOR/Models/RiskAssessment.swift /Users/angadkumar16ak/Projects/ANCHOR/ANCHOR/Models/RiskAssessmentEntity.swift /Users/angadkumar16ak/Projects/ANCHOR/ANCHOR/Models/SobrietyTracker.swift /Users/angadkumar16ak/Projects/ANCHOR/ANCHOR/Models/UserProfile.swift /Users/angadkumar16ak/Projects/ANCHOR/ANCHOR/Models/UserProfileEntity.swift /Users/angadkumar16ak/Projects/ANCHOR/ANCHOR/Models/ViewModelModel.swift /Users/angadkumar16ak/Projects/ANCHOR/ANCHOR/Services/AIAnalysisService.swift /Users/angadkumar16ak/Projects/ANCHOR/ANCHOR/Services/AIAnalysisServiceModel.swift /Users/angadkumar16ak/Projects/ANCHOR/ANCHOR/Services/AIAnalysisServiceRepository.swift /Users/angadkumar16ak/Projects/ANCHOR/ANCHOR/Services/AIAnalysisServiceView.swift /Users/angadkumar16ak/Projects/ANCHOR/ANCHOR/Services/AIAnalysisServiceViewModel.swift /Users/angadkumar16ak/Projects/ANCHOR/ANCHOR/Services/APIClient.swift /Users/angadkumar16ak/Projects/ANCHOR/ANCHOR/Services/DailyQuoteService.swift /Users/angadkumar16ak/Projects/ANCHOR/ANCHOR/Services/DataExportService.swift /Users/angadkumar16ak/Projects/ANCHOR/ANCHOR/Services/EncryptionService.swift /Users/angadkumar16ak/Projects/ANCHOR/ANCHOR/Services/KeychainHelper.swift /Users/angadkumar16ak/Projects/ANCHOR/ANCHOR/Services/NotificationsService.swift /Users/angadkumar16ak/Projects/ANCHOR/ANCHOR/Utils/ANCHORDesign.swift /Users/angadkumar16ak/Projects/ANCHOR/ANCHOR/Utils/AppState.swift /Users/angadkumar16ak/Projects/ANCHOR/ANCHOR/Utils/Color+Theme.swift /Users/angadkumar16ak/Projects/ANCHOR/ANCHOR/Utils/DateFormatter+Extensions.swift /Users/angadkumar16ak/Projects/ANCHOR/ANCHOR/Utils/Logger.swift /Users/angadkumar16ak/Projects/ANCHOR/ANCHOR/ViewModels/JournalViewModel.swift /Users/angadkumar16ak/Projects/ANCHOR/ANCHOR/ViewModels/RiskAssessmentViewModel.swift /Users/angadkumar16ak/Projects/ANCHOR/ANCHOR/ViewModels/UserProfileViewModel.swift /Users/angadkumar16ak/Projects/ANCHOR/ANCHOR/Views/Components/ANCHORButton.swift /Users/angadkumar16ak/Projects/ANCHOR/ANCHOR/Views/Components/ANCHORMoodIcon.swift /Users/angadkumar16ak/Projects/ANCHOR/ANCHOR/Views/Components/ANCHORProgressRing.swift /Users/angadkumar16ak/Projects/ANCHOR/ANCHOR/Views/Components/ComponentUtilities.swift /Users/angadkumar16ak/Projects/ANCHOR/ANCHOR/Views/Components/GradientBackground.swift /Users/angadkumar16ak/Projects/ANCHOR/ANCHOR/Views/Components/JournalEntryCard.swift /Users/angadkumar16ak/Projects/ANCHOR/ANCHOR/Views/Components/JournalEntryCard+Models.swift /Users/angadkumar16ak/Projects/ANCHOR/ANCHOR/Views/Components/MonthHeaderCard.swift /Users/angadkumar16ak/Projects/ANCHOR/ANCHOR/Views/Components/MoodFilterPill.swift /Users/angadkumar16ak/Projects/ANCHOR/ANCHOR/Views/Components/QuickActionCard.swift -primary-file /Users/angadkumar16ak/Projects/ANCHOR/ANCHOR/Views/Components/RecoveryTipCard.swift /Users/angadkumar16ak/Projects/ANCHOR/ANCHOR/Views/Components/ShimmeringView.swift /Users/angadkumar16ak/Projects/ANCHOR/ANCHOR/Views/Components/SobrietyProgressCard.swift /Users/angadkumar16ak/Projects/ANCHOR/ANCHOR/Views/Components/StatCard.swift /Users/angadkumar16ak/Projects/ANCHOR/ANCHOR/Views/Features/Breathing/BreathingExerciseView.swift /Users/angadkumar16ak/Projects/ANCHOR/ANCHOR/Views/Features/CheckIn/CheckInView.swift /Users/angadkumar16ak/Projects/ANCHOR/ANCHOR/Views/Features/Dashboard/Repository/DashboardViewRepository.swift /Users/angadkumar16ak/Projects/ANCHOR/ANCHOR/Views/Features/Dashboard/Supporting/DashboardViewView.swift /Users/angadkumar16ak/Projects/ANCHOR/ANCHOR/Views/Features/Dashboard/ViewModel/DashboardViewModel.swift /Users/angadkumar16ak/Projects/ANCHOR/ANCHOR/Views/Features/Dashboard/ViewModel/DashboardViewViewModel.swift /Users/angadkumar16ak/Projects/ANCHOR/ANCHOR/Views/Features/Dashboard/DashboardView.swift /Users/angadkumar16ak/Projects/ANCHOR/ANCHOR/Views/Journal/JournalDetailView.swift /Users/angadkumar16ak/Projects/ANCHOR/ANCHOR/Views/Journal/JournalEditorView.swift /Users/angadkumar16ak/Projects/ANCHOR/ANCHOR/Views/Journal/JournalEntryView.swift /Users/angadkumar16ak/Projects/ANCHOR/ANCHOR/Views/Journal/JournalEntryViewModel.swift /Users/angadkumar16ak/Projects/ANCHOR/ANCHOR/Views/Journal/JournalEntryViewRepository.swift /Users/angadkumar16ak/Projects/ANCHOR/ANCHOR/Views/Journal/JournalEntryViewView.swift /Users/angadkumar16ak/Projects/ANCHOR/ANCHOR/Views/Journal/JournalEntryViewViewModel.swift /Users/angadkumar16ak/Projects/ANCHOR/ANCHOR/Views/Journal/JournalListView.swift /Users/angadkumar16ak/Projects/ANCHOR/ANCHOR/Views/Onboarding/FinishSetupView.swift /Users/angadkumar16ak/Projects/ANCHOR/ANCHOR/Views/Onboarding/OnboardingCardView.swift /Users/angadkumar16ak/Projects/ANCHOR/ANCHOR/Views/Onboarding/OnboardingView.swift /Users/angadkumar16ak/Projects/ANCHOR/ANCHOR/Views/Onboarding/PermissionRequestView.swift /Users/angadkumar16ak/Projects/ANCHOR/ANCHOR/Views/Onboarding/PermissionsView.swift /Users/angadkumar16ak/Projects/ANCHOR/ANCHOR/Views/Onboarding/PrivacyDisclaimerView.swift /Users/angadkumar16ak/Projects/ANCHOR/ANCHOR/Views/Onboarding/SplashScreenView.swift /Users/angadkumar16ak/Projects/ANCHOR/ANCHOR/Views/Onboarding/WelcomeView.swift /Users/angadkumar16ak/Projects/ANCHOR/ANCHOR/Views/RiskAssessment/RiskAssessmentHistoryView.swift /Users/angadkumar16ak/Projects/ANCHOR/ANCHOR/Views/RiskAssessment/RiskAssessmentView.swift /Users/angadkumar16ak/Projects/ANCHOR/ANCHOR/Views/RiskAssessment/RiskQuestionView.swift /Users/angadkumar16ak/Projects/ANCHOR/ANCHOR/Views/RiskAssessment/RiskResultsView.swift /Users/angadkumar16ak/Projects/ANCHOR/ANCHOR/Views/Settings/PrivacySettingsView.swift /Users/angadkumar16ak/Projects/ANCHOR/ANCHOR/Views/Settings/SettingsView.swift /Users/angadkumar16ak/Projects/ANCHOR/ANCHOR/Views/AppRootView.swift /Users/angadkumar16ak/Projects/ANCHOR/ANCHOR/Views/ContentView.swift /Users/angadkumar16ak/Projects/ANCHOR/ANCHOR/Views/MainTabView.swift /Users/angadkumar16ak/Projects/ANCHOR/ANCHOR/ANCHORApp.swift /Users/angadkumar16ak/Projects/ANCHOR/ANCHOR/Persistence.swift /Users/angadkumar16ak/Library/Developer/Xcode/DerivedData/ANCHOR-auuzivatnxmjwldapwrowirofqbx/Build/Intermediates.noindex/ANCHOR.build/Debug-iphonesimulator/ANCHOR.build/DerivedSources/CoreDataGenerated/ANCHOR/Item+CoreDataClass.swift /Users/angadkumar16ak/Library/Developer/Xcode/DerivedData/ANCHOR-auuzivatnxmjwldapwrowirofqbx/Build/Intermediates.noindex/ANCHOR.build/Debug-iphonesimulator/ANCHOR.build/DerivedSources/CoreDataGenerated/ANCHOR/Item+CoreDataProperties.swift /Users/angadkumar16ak/Library/Developer/Xcode/DerivedData/ANCHOR-auuzivatnxmjwldapwrowirofqbx/Build/Intermediates.noindex/ANCHOR.build/Debug-iphonesimulator/ANCHOR.build/DerivedSources/CoreDataGenerated/ANCHOR/ANCHOR+CoreDataModel.swift /Users/angadkumar16ak/Library/Developer/Xcode/DerivedData/ANCHOR-auuzivatnxmjwldapwrowirofqbx/Build/Intermediates.noindex/ANCHOR.build/Debug-iphonesimulator/ANCHOR.build/DerivedSources/GeneratedAssetSymbols.swift -emit-dependencies-path /Users/angadkumar16ak/Library/Developer/Xcode/DerivedData/ANCHOR-auuzivatnxmjwldapwrowirofqbx/Build/Intermediates.noindex/ANCHOR.build/Debug-iphonesimulator/ANCHOR.build/Objects-normal/arm64/RecoveryTipCard.d -emit-const-values-path /Users/angadkumar16ak/Library/Developer/Xcode/DerivedData/ANCHOR-auuzivatnxmjwldapwrowirofqbx/Build/Intermediates.noindex/ANCHOR.build/Debug-iphonesimulator/ANCHOR.build/Objects-normal/arm64/RecoveryTipCard.swiftconstvalues -emit-reference-dependencies-path /Users/angadkumar16ak/Library/Developer/Xcode/DerivedData/ANCHOR-auuzivatnxmjwldapwrowirofqbx/Build/Intermediates.noindex/ANCHOR.build/Debug-iphonesimulator/ANCHOR.build/Objects-normal/arm64/RecoveryTipCard.swiftdeps -serialize-diagnostics-path /Users/angadkumar16ak/Library/Developer/Xcode/DerivedData/ANCHOR-auuzivatnxmjwldapwrowirofqbx/Build/Intermediates.noindex/ANCHOR.build/Debug-iphonesimulator/ANCHOR.build/Objects-normal/arm64/RecoveryTipCard.dia -emit-localized-strings -emit-localized-strings-path /Users/angadkumar16ak/Library/Developer/Xcode/DerivedData/ANCHOR-auuzivatnxmjwldapwrowirofqbx/Build/Intermediates.noindex/ANCHOR.build/Debug-iphonesimulator/ANCHOR.build/Objects-normal/arm64 -target arm64-apple-ios18.4-simulator -module-can-import-version DeveloperToolsSupport 23.0.4 23.0.4 -module-can-import-version SwiftUI 7.0.84.1 7.0.84 -module-can-import-version UIKit 9088.1.113 9088.1.113 -disable-cross-import-overlay-search -swift-module-cross-import CoreData /Applications/Xcode.app/Contents/Developer/Platforms/iPhoneSimulator.platform/Developer/SDKs/iPhoneSimulator.sdk/System/Library/Frameworks/CoreData.framework/Modules/CoreData.swiftcrossimport/CloudKit.swiftoverlay -swift-module-cross-import CoreData /Applications/Xcode.app/Contents/Developer/Platforms/iPhoneSimulator.platform/Developer/SDKs/iPhoneSimulator26.0.sdk/System/Library/Frameworks/CoreData.framework/Modules/CoreData.swiftcrossimport/CloudKit.swiftoverlay -swift-module-cross-import PhotosUI /Applications/Xcode.app/Contents/Developer/Platforms/iPhoneSimulator.platform/Developer/SDKs/iPhoneSimulator.sdk/System/Library/Frameworks/PhotosUI.framework/Modules/PhotosUI.swiftcrossimport/SwiftUI.swiftoverlay -swift-module-cross-import PhotosUI /Applications/Xcode.app/Contents/Developer/Platforms/iPhoneSimulator.platform/Developer/SDKs/iPhoneSimulator.sdk/System/Library/Frameworks/PhotosUI.framework/Modules/PhotosUI.swiftcrossimport/WidgetKit.swiftoverlay -swift-module-cross-import PhotosUI /Applications/Xcode.app/Contents/Developer/Platforms/iPhoneSimulator.platform/Developer/SDKs/iPhoneSimulator26.0.sdk/System/Library/Frameworks/PhotosUI.framework/Modules/PhotosUI.swiftcrossimport/SwiftUI.swiftoverlay -swift-module-cross-import PhotosUI /Applications/Xcode.app/Contents/Developer/Platforms/iPhoneSimulator.platform/Developer/SDKs/iPhoneSimulator26.0.sdk/System/Library/Frameworks/PhotosUI.framework/Modules/PhotosUI.swiftcrossimport/WidgetKit.swiftoverlay -load-resolved-plugin /Applications/Xcode.app/Contents/Developer/Platforms/iPhoneOS.platform/Developer/usr/lib/swift/host/plugins/libFoundationMacros.dylib\#/Applications/Xcode.app/Contents/Developer/Platforms/iPhoneOS.platform/Developer/usr/bin/swift-plugin-server\#FoundationMacros -load-resolved-plugin /Applications/Xcode.app/Contents/Developer/Platforms/iPhoneOS.platform/Developer/usr/lib/swift/host/plugins/libObservationMacros.dylib\#/Applications/Xcode.app/Contents/Developer/Platforms/iPhoneOS.platform/Developer/usr/bin/swift-plugin-server\#ObservationMacros -load-resolved-plugin /Applications/Xcode.app/Contents/Developer/Platforms/iPhoneOS.platform/Developer/usr/lib/swift/host/plugins/libPreviewsMacros.dylib\#/Applications/Xcode.app/Contents/Developer/Platforms/iPhoneOS.platform/Developer/usr/bin/swift-plugin-server\#PreviewsMacros -load-resolved-plugin /Applications/Xcode.app/Contents/Developer/Platforms/iPhoneOS.platform/Developer/usr/lib/swift/host/plugins/libSwiftMacros.dylib\#/Applications/Xcode.app/Contents/Developer/Platforms/iPhoneOS.platform/Developer/usr/bin/swift-plugin-server\#SwiftMacros -load-resolved-plugin /Applications/Xcode.app/Contents/Developer/Platforms/iPhoneOS.platform/Developer/usr/lib/swift/host/plugins/libSwiftUIMacros.dylib\#/Applications/Xcode.app/Contents/Developer/Platforms/iPhoneOS.platform/Developer/usr/bin/swift-plugin-server\#SwiftUIMacros -disable-implicit-swift-modules -Xcc -fno-implicit-modules -Xcc -fno-implicit-module-maps -explicit-swift-module-map-file /Users/angadkumar16ak/Library/Developer/Xcode/DerivedData/ANCHOR-auuzivatnxmjwldapwrowirofqbx/Build/Intermediates.noindex/ANCHOR.build/Debug-iphonesimulator/ANCHOR.build/Objects-normal/arm64/ANCHOR-dependencies-1.json -Xllvm -aarch64-use-tbi -enable-objc-interop -sdk /Applications/Xcode.app/Contents/Developer/Platforms/iPhoneSimulator.platform/Developer/SDKs/iPhoneSimulator26.0.sdk -I /Users/angadkumar16ak/Library/Developer/Xcode/DerivedData/ANCHOR-auuzivatnxmjwldapwrowirofqbx/Build/Products/Debug-iphonesimulator -F /Users/angadkumar16ak/Library/Developer/Xcode/DerivedData/ANCHOR-auuzivatnxmjwldapwrowirofqbx/Build/Products/Debug-iphonesimulator -no-color-diagnostics -Xcc -fno-color-diagnostics -enable-testing -g -debug-info-format\=dwarf -dwarf-version\=5 -module-cache-path /Users/angadkumar16ak/Library/Developer/Xcode/DerivedData/ANCHOR-auuzivatnxmjwldapwrowirofqbx/Build/Intermediates.noindex/SwiftExplicitPrecompiledModules -profile-generate -profile-coverage-mapping -swift-version 5 -enforce-exclusivity\=checked -Onone -D DEBUG -serialize-debugging-options -const-gather-protocols-file /Users/angadkumar16ak/Library/Developer/Xcode/DerivedData/ANCHOR-auuzivatnxmjwldapwrowirofqbx/Build/Intermediates.noindex/ANCHOR.build/Debug-iphonesimulator/ANCHOR.build/Objects-normal/arm64/ANCHOR_const_extract_protocols.json -enable-experimental-feature DebugDescriptionMacro -enable-bare-slash-regex -empty-abi-descriptor -validate-clang-modules-once -clang-build-session-file /Users/angadkumar16ak/Library/Developer/Xcode/DerivedData/ModuleCache.noindex/Session.modulevalidation -Xcc -working-directory -Xcc /Users/angadkumar16ak/Projects/ANCHOR -enable-anonymous-context-mangled-names -file-compilation-dir /Users/angadkumar16ak/Projects/ANCHOR -Xcc -D_LIBCPP_HARDENING_MODE\=_LIBCPP_HARDENING_MODE_DEBUG -Xcc -ivfsstatcache -Xcc /Users/angadkumar16ak/Library/Developer/Xcode/DerivedData/SDKStatCaches.noindex/iphonesimulator26.0-23A339-26257891a6c027eb51374368541b8346.sdkstatcache -Xcc -I/Users/angadkumar16ak/Library/Developer/Xcode/DerivedData/ANCHOR-auuzivatnxmjwldapwrowirofqbx/Build/Intermediates.noindex/ANCHOR.build/Debug-iphonesimulator/ANCHOR.build/swift-overrides.hmap -Xcc -iquote -Xcc /Users/angadkumar16ak/Library/Developer/Xcode/DerivedData/ANCHOR-auuzivatnxmjwldapwrowirofqbx/Build/Intermediates.noindex/ANCHOR.build/Debug-iphonesimulator/ANCHOR.build/ANCHOR-generated-files.hmap -Xcc -I/Users/angadkumar16ak/Library/Developer/Xcode/DerivedData/ANCHOR-auuzivatnxmjwldapwrowirofqbx/Build/Intermediates.noindex/ANCHOR.build/Debug-iphonesimulator/ANCHOR.build/ANCHOR-own-target-headers.hmap -Xcc -I/Users/angadkumar16ak/Library/Developer/Xcode/DerivedData/ANCHOR-auuzivatnxmjwldapwrowirofqbx/Build/Intermediates.noindex/ANCHOR.build/Debug-iphonesimulator/ANCHOR.build/ANCHOR-all-target-headers.hmap -Xcc -iquote -Xcc /Users/angadkumar16ak/Library/Developer/Xcode/DerivedData/ANCHOR-auuzivatnxmjwldapwrowirofqbx/Build/Intermediates.noindex/ANCHOR.build/Debug-iphonesimulator/ANCHOR.build/ANCHOR-project-headers.hmap -Xcc -I/Users/angadkumar16ak/Library/Developer/Xcode/DerivedData/ANCHOR-auuzivatnxmjwldapwrowirofqbx/Build/Products/Debug-iphonesimulator/include -Xcc -I/Users/angadkumar16ak/Library/Developer/Xcode/DerivedData/ANCHOR-auuzivatnxmjwldapwrowirofqbx/Build/Intermediates.noindex/ANCHOR.build/Debug-iphonesimulator/ANCHOR.build/DerivedSources-normal/arm64 -Xcc -I/Users/angadkumar16ak/Library/Developer/Xcode/DerivedData/ANCHOR-auuzivatnxmjwldapwrowirofqbx/Build/Intermediates.noindex/ANCHOR.build/Debug-iphonesimulator/ANCHOR.build/DerivedSources/arm64 -Xcc -I/Users/angadkumar16ak/Library/Developer/Xcode/DerivedData/ANCHOR-auuzivatnxmjwldapwrowirofqbx/Build/Intermediates.noindex/ANCHOR.build/Debug-iphonesimulator/ANCHOR.build/DerivedSources -Xcc -DDEBUG\=1 -no-auto-bridging-header-chaining -module-name ANCHOR -frontend-parseable-output -disable-clang-spi -target-sdk-version 26.0 -target-sdk-name iphonesimulator26.0 -clang-target arm64-apple-ios26.0-simulator -in-process-plugin-server-path /Applications/Xcode.app/Contents/Developer/Toolchains/XcodeDefault.xctoolchain/usr/lib/swift/host/libSwiftInProcPluginServer.dylib -o /Users/angadkumar16ak/Library/Developer/Xcode/DerivedData/ANCHOR-auuzivatnxmjwldapwrowirofqbx/Build/Intermediates.noindex/ANCHOR.build/Debug-iphonesimulator/ANCHOR.build/Objects-normal/arm64/RecoveryTipCard.o -index-unit-output-path /ANCHOR.build/Debug-iphonesimulator/ANCHOR.build/Objects-normal/arm64/RecoveryTipCard.o -index-store-path /Users/angadkumar16ak/Library/Developer/Xcode/DerivedData/ANCHOR-auuzivatnxmjwldapwrowirofqbx/Index.noindex/DataStore -index-system-modules
Command SwiftCompile failed with a nonzero exit code
Failed frontend command:
SwiftCompile normal arm64 Compiling\ MoodFilterPill.swift /Users/angadkumar16ak/Projects/ANCHOR/ANCHOR/Views/Components/MoodFilterPill.swift (in target 'ANCHOR' from project 'ANCHOR')

SwiftCompile normal arm64 /Users/angadkumar16ak/Projects/ANCHOR/ANCHOR/Views/Components/MoodFilterPill.swift (in target 'ANCHOR' from project 'ANCHOR')
    cd /Users/angadkumar16ak/Projects/ANCHOR
    

SwiftCompile normal arm64 Compiling\ MoodTrackingInterfaceViewModelModel.swift,\ ViewModelModel.swift /Users/angadkumar16ak/Projects/ANCHOR/ANCHOR/Models/MoodTrackingInterfaceViewModelModel.swift /Users/angadkumar16ak/Projects/ANCHOR/ANCHOR/Models/ViewModelModel.swift (in target 'ANCHOR' from project 'ANCHOR')

SwiftCompile normal arm64 /Users/angadkumar16ak/Projects/ANCHOR/ANCHOR/Models/MoodTrackingInterfaceViewModelModel.swift (in target 'ANCHOR' from project 'ANCHOR')
    cd /Users/angadkumar16ak/Projects/ANCHOR
    

SwiftCompile normal arm64 /Users/angadkumar16ak/Projects/ANCHOR/ANCHOR/Models/ViewModelModel.swift (in target 'ANCHOR' from project 'ANCHOR')
    cd /Users/angadkumar16ak/Projects/ANCHOR
    

SwiftCompile normal arm64 Compiling\ SobrietyProgressCard.swift /Users/angadkumar16ak/Projects/ANCHOR/ANCHOR/Views/Components/SobrietyProgressCard.swift (in target 'ANCHOR' from project 'ANCHOR')

SwiftCompile normal arm64 /Users/angadkumar16ak/Projects/ANCHOR/ANCHOR/Views/Components/SobrietyProgressCard.swift (in target 'ANCHOR' from project 'ANCHOR')
    cd /Users/angadkumar16ak/Projects/ANCHOR
    

SwiftCompile normal arm64 Compiling\ JournalEntryCard+Models.swift /Users/angadkumar16ak/Projects/ANCHOR/ANCHOR/Views/Components/JournalEntryCard+Models.swift (in target 'ANCHOR' from project 'ANCHOR')

SwiftCompile normal arm64 /Users/angadkumar16ak/Projects/ANCHOR/ANCHOR/Views/Components/JournalEntryCard+Models.swift (in target 'ANCHOR' from project 'ANCHOR')
    cd /Users/angadkumar16ak/Projects/ANCHOR
    

SwiftCompile normal arm64 Compiling\ BreathingExerciseView.swift /Users/angadkumar16ak/Projects/ANCHOR/ANCHOR/Views/Features/Breathing/BreathingExerciseView.swift (in target 'ANCHOR' from project 'ANCHOR')

SwiftCompile normal arm64 /Users/angadkumar16ak/Projects/ANCHOR/ANCHOR/Views/Features/Breathing/BreathingExerciseView.swift (in target 'ANCHOR' from project 'ANCHOR')
    cd /Users/angadkumar16ak/Projects/ANCHOR
    

SwiftCompile normal arm64 Compiling\ StatCard.swift /Users/angadkumar16ak/Projects/ANCHOR/ANCHOR/Views/Components/StatCard.swift (in target 'ANCHOR' from project 'ANCHOR')

SwiftCompile normal arm64 /Users/angadkumar16ak/Projects/ANCHOR/ANCHOR/Views/Components/StatCard.swift (in target 'ANCHOR' from project 'ANCHOR')
    cd /Users/angadkumar16ak/Projects/ANCHOR
    
/Users/angadkumar16ak/Projects/ANCHOR/ANCHOR/Views/Components/StatCard.swift:173:20: warning: value 'onTap' was defined but never used; consider replacing with boolean test
            if let onTap = onTap {
               ~~~~^~~~~~~~
                                 != nil

SwiftEmitModule normal arm64 Emitting\ module\ for\ ANCHOR (in target 'ANCHOR' from project 'ANCHOR')

EmitSwiftModule normal arm64 (in target 'ANCHOR' from project 'ANCHOR')
    cd /Users/angadkumar16ak/Projects/ANCHOR
    

SwiftCompile normal arm64 Compiling\ ShimmeringView.swift /Users/angadkumar16ak/Projects/ANCHOR/ANCHOR/Views/Components/ShimmeringView.swift (in target 'ANCHOR' from project 'ANCHOR')

SwiftCompile normal arm64 /Users/angadkumar16ak/Projects/ANCHOR/ANCHOR/Views/Components/ShimmeringView.swift (in target 'ANCHOR' from project 'ANCHOR')
    cd /Users/angadkumar16ak/Projects/ANCHOR
    

SwiftCompile normal arm64 Compiling\ MonthHeaderCard.swift /Users/angadkumar16ak/Projects/ANCHOR/ANCHOR/Views/Components/MonthHeaderCard.swift (in target 'ANCHOR' from project 'ANCHOR')
SwiftCompile normal arm64 /Users/angadkumar16ak/Projects/ANCHOR/ANCHOR/Views/Components/MonthHeaderCard.swift (in target 'ANCHOR' from project 'ANCHOR')
    cd /Users/angadkumar16ak/Projects/ANCHOR
    

SwiftCompile normal arm64 Compiling\ QuickActionCard.swift /Users/angadkumar16ak/Projects/ANCHOR/ANCHOR/Views/Components/QuickActionCard.swift (in target 'ANCHOR' from project 'ANCHOR')

SwiftCompile normal arm64 /Users/angadkumar16ak/Projects/ANCHOR/ANCHOR/Views/Components/QuickActionCard.swift (in target 'ANCHOR' from project 'ANCHOR')
    cd /Users/angadkumar16ak/Projects/ANCHOR
    
/Users/angadkumar16ak/Projects/ANCHOR/ANCHOR/Views/Components/QuickActionCard.swift:217:27: warning: value 'onTap' was defined but never used; consider replacing with boolean test
            } else if let onTap = onTap {
                      ~~~~^~~~~~~~
                                        != nil

SwiftCompile normal arm64 Compiling\ CheckInView.swift /Users/angadkumar16ak/Projects/ANCHOR/ANCHOR/Views/Features/CheckIn/CheckInView.swift (in target 'ANCHOR' from project 'ANCHOR')

SwiftCompile normal arm64 /Users/angadkumar16ak/Projects/ANCHOR/ANCHOR/Views/Features/CheckIn/CheckInView.swift (in target 'ANCHOR' from project 'ANCHOR')
    cd /Users/angadkumar16ak/Projects/ANCHOR
    

SwiftDriverJobDiscovery normal arm64 Compiling MoodTrackingInterfaceViewModelModel.swift, ViewModelModel.swift (in target 'ANCHOR' from project 'ANCHOR')

SwiftDriverJobDiscovery normal arm64 Compiling JournalEntryCard+Models.swift (in target 'ANCHOR' from project 'ANCHOR')

SwiftDriverJobDiscovery normal arm64 Compiling ShimmeringView.swift (in target 'ANCHOR' from project 'ANCHOR')

SwiftCompile normal arm64 Compiling\ InitialSyncImplementationViewModelModel.swift /Users/angadkumar16ak/Projects/ANCHOR/ANCHOR/Models/InitialSyncImplementationViewModelModel.swift (in target 'ANCHOR' from project 'ANCHOR')

SwiftCompile normal arm64 /Users/angadkumar16ak/Projects/ANCHOR/ANCHOR/Models/InitialSyncImplementationViewModelModel.swift (in target 'ANCHOR' from project 'ANCHOR')
    cd /Users/angadkumar16ak/Projects/ANCHOR
    

SwiftCompile normal arm64 Compiling\ JournalListView.swift /Users/angadkumar16ak/Projects/ANCHOR/ANCHOR/Views/Journal/JournalListView.swift (in target 'ANCHOR' from project 'ANCHOR')

SwiftCompile normal arm64 /Users/angadkumar16ak/Projects/ANCHOR/ANCHOR/Views/Journal/JournalListView.swift (in target 'ANCHOR' from project 'ANCHOR')
    cd /Users/angadkumar16ak/Projects/ANCHOR
    

SwiftCompile normal arm64 Compiling\ ConflictResolutionViewModelModel.swift /Users/angadkumar16ak/Projects/ANCHOR/ANCHOR/Models/ConflictResolutionViewModelModel.swift (in target 'ANCHOR' from project 'ANCHOR')

SwiftCompile normal arm64 /Users/angadkumar16ak/Projects/ANCHOR/ANCHOR/Models/ConflictResolutionViewModelModel.swift (in target 'ANCHOR' from project 'ANCHOR')
    cd /Users/angadkumar16ak/Projects/ANCHOR
    

SwiftDriverJobDiscovery normal arm64 Compiling SobrietyProgressCard.swift (in target 'ANCHOR' from project 'ANCHOR')

SwiftCompile normal arm64 Compiling\ ImplementBackuprestoreFunctionalityViewModelModel.swift /Users/angadkumar16ak/Projects/ANCHOR/ANCHOR/Models/ImplementBackuprestoreFunctionalityViewModelModel.swift (in target 'ANCHOR' from project 'ANCHOR')

SwiftCompile normal arm64 /Users/angadkumar16ak/Projects/ANCHOR/ANCHOR/Models/ImplementBackuprestoreFunctionalityViewModelModel.swift (in target 'ANCHOR' from project 'ANCHOR')
    cd /Users/angadkumar16ak/Projects/ANCHOR
    

SwiftDriverJobDiscovery normal arm64 Compiling InitialSyncImplementationViewModelModel.swift (in target 'ANCHOR' from project 'ANCHOR')

SwiftCompile normal arm64 Compiling\ APIClient.swift /Users/angadkumar16ak/Projects/ANCHOR/ANCHOR/Services/APIClient.swift (in target 'ANCHOR' from project 'ANCHOR')

SwiftCompile normal arm64 /Users/angadkumar16ak/Projects/ANCHOR/ANCHOR/Services/APIClient.swift (in target 'ANCHOR' from project 'ANCHOR')
    cd /Users/angadkumar16ak/Projects/ANCHOR
    

SwiftDriverJobDiscovery normal arm64 Compiling ConflictResolutionViewModelModel.swift (in target 'ANCHOR' from project 'ANCHOR')

SwiftCompile normal arm64 Compiling\ DashboardView.swift /Users/angadkumar16ak/Projects/ANCHOR/ANCHOR/Views/Features/Dashboard/DashboardView.swift (in target 'ANCHOR' from project 'ANCHOR')

SwiftCompile normal arm64 /Users/angadkumar16ak/Projects/ANCHOR/ANCHOR/Views/Features/Dashboard/DashboardView.swift (in target 'ANCHOR' from project 'ANCHOR')
    cd /Users/angadkumar16ak/Projects/ANCHOR
    

SwiftDriverJobDiscovery normal arm64 Compiling APIClient.swift (in target 'ANCHOR' from project 'ANCHOR')

SwiftCompile normal arm64 Compiling\ EmailpasswordLoginViewModelModel.swift /Users/angadkumar16ak/Projects/ANCHOR/ANCHOR/Models/EmailpasswordLoginViewModelModel.swift (in target 'ANCHOR' from project 'ANCHOR')

SwiftCompile normal arm64 /Users/angadkumar16ak/Projects/ANCHOR/ANCHOR/Models/EmailpasswordLoginViewModelModel.swift (in target 'ANCHOR' from project 'ANCHOR')
    cd /Users/angadkumar16ak/Projects/ANCHOR
    

SwiftDriverJobDiscovery normal arm64 Compiling ImplementBackuprestoreFunctionalityViewModelModel.swift (in target 'ANCHOR' from project 'ANCHOR')

SwiftCompile normal arm64 Compiling\ EntryCategorizationtaggingViewModelModel.swift /Users/angadkumar16ak/Projects/ANCHOR/ANCHOR/Models/EntryCategorizationtaggingViewModelModel.swift (in target 'ANCHOR' from project 'ANCHOR')

SwiftCompile normal arm64 /Users/angadkumar16ak/Projects/ANCHOR/ANCHOR/Models/EntryCategorizationtaggingViewModelModel.swift (in target 'ANCHOR' from project 'ANCHOR')
    cd /Users/angadkumar16ak/Projects/ANCHOR
    

SwiftDriverJobDiscovery normal arm64 Compiling BreathingExerciseView.swift (in target 'ANCHOR' from project 'ANCHOR')

SwiftCompile normal arm64 Compiling\ ANCHORMoodIcon.swift /Users/angadkumar16ak/Projects/ANCHOR/ANCHOR/Views/Components/ANCHORMoodIcon.swift (in target 'ANCHOR' from project 'ANCHOR')

SwiftCompile normal arm64 /Users/angadkumar16ak/Projects/ANCHOR/ANCHOR/Views/Components/ANCHORMoodIcon.swift (in target 'ANCHOR' from project 'ANCHOR')
    cd /Users/angadkumar16ak/Projects/ANCHOR
    

SwiftDriverJobDiscovery normal arm64 Compiling EmailpasswordLoginViewModelModel.swift (in target 'ANCHOR' from project 'ANCHOR')

SwiftCompile normal arm64 Compiling\ OnboardingCardView.swift /Users/angadkumar16ak/Projects/ANCHOR/ANCHOR/Views/Onboarding/OnboardingCardView.swift (in target 'ANCHOR' from project 'ANCHOR')

SwiftCompile normal arm64 /Users/angadkumar16ak/Projects/ANCHOR/ANCHOR/Views/Onboarding/OnboardingCardView.swift (in target 'ANCHOR' from project 'ANCHOR')
    cd /Users/angadkumar16ak/Projects/ANCHOR
    

SwiftDriverJobDiscovery normal arm64 Compiling EntryCategorizationtaggingViewModelModel.swift (in target 'ANCHOR' from project 'ANCHOR')

SwiftCompile normal arm64 Compiling\ RiskQuestionView.swift /Users/angadkumar16ak/Projects/ANCHOR/ANCHOR/Views/RiskAssessment/RiskQuestionView.swift (in target 'ANCHOR' from project 'ANCHOR')

SwiftCompile normal arm64 /Users/angadkumar16ak/Projects/ANCHOR/ANCHOR/Views/RiskAssessment/RiskQuestionView.swift (in target 'ANCHOR' from project 'ANCHOR')
    cd /Users/angadkumar16ak/Projects/ANCHOR
    

SwiftDriverJobDiscovery normal arm64 Compiling CheckInView.swift (in target 'ANCHOR' from project 'ANCHOR')

SwiftCompile normal arm64 Compiling\ RiskAssessmentView.swift /Users/angadkumar16ak/Projects/ANCHOR/ANCHOR/Views/RiskAssessment/RiskAssessmentView.swift (in target 'ANCHOR' from project 'ANCHOR')

SwiftCompile normal arm64 /Users/angadkumar16ak/Projects/ANCHOR/ANCHOR/Views/RiskAssessment/RiskAssessmentView.swift (in target 'ANCHOR' from project 'ANCHOR')
    cd /Users/angadkumar16ak/Projects/ANCHOR
    

SwiftDriverJobDiscovery normal arm64 Compiling ANCHORMoodIcon.swift (in target 'ANCHOR' from project 'ANCHOR')

SwiftCompile normal arm64 Compiling\ AppRootView.swift /Users/angadkumar16ak/Projects/ANCHOR/ANCHOR/Views/AppRootView.swift (in target 'ANCHOR' from project 'ANCHOR')

SwiftCompile normal arm64 /Users/angadkumar16ak/Projects/ANCHOR/ANCHOR/Views/AppRootView.swift (in target 'ANCHOR' from project 'ANCHOR')
    cd /Users/angadkumar16ak/Projects/ANCHOR
    

SwiftCompile normal arm64 Compiling\ ContentView.swift /Users/angadkumar16ak/Projects/ANCHOR/ANCHOR/Views/ContentView.swift (in target 'ANCHOR' from project 'ANCHOR')

SwiftCompile normal arm64 /Users/angadkumar16ak/Projects/ANCHOR/ANCHOR/Views/ContentView.swift (in target 'ANCHOR' from project 'ANCHOR')
    cd /Users/angadkumar16ak/Projects/ANCHOR
    

SwiftDriverJobDiscovery normal arm64 Compiling MoodFilterPill.swift (in target 'ANCHOR' from project 'ANCHOR')

SwiftCompile normal arm64 Compiling\ MainTabView.swift /Users/angadkumar16ak/Projects/ANCHOR/ANCHOR/Views/MainTabView.swift (in target 'ANCHOR' from project 'ANCHOR')

SwiftCompile normal arm64 /Users/angadkumar16ak/Projects/ANCHOR/ANCHOR/Views/MainTabView.swift (in target 'ANCHOR' from project 'ANCHOR')
    cd /Users/angadkumar16ak/Projects/ANCHOR
    

SwiftDriverJobDiscovery normal arm64 Compiling JournalListView.swift (in target 'ANCHOR' from project 'ANCHOR')

SwiftCompile normal arm64 Compiling\ OnboardingView.swift /Users/angadkumar16ak/Projects/ANCHOR/ANCHOR/Views/Onboarding/OnboardingView.swift (in target 'ANCHOR' from project 'ANCHOR')

SwiftCompile normal arm64 /Users/angadkumar16ak/Projects/ANCHOR/ANCHOR/Views/Onboarding/OnboardingView.swift (in target 'ANCHOR' from project 'ANCHOR')
    cd /Users/angadkumar16ak/Projects/ANCHOR
    

SwiftDriverJobDiscovery normal arm64 Compiling GradientBackground.swift, JournalEntryCard.swift (in target 'ANCHOR' from project 'ANCHOR')

SwiftCompile normal arm64 Compiling\ ComponentUtilities.swift /Users/angadkumar16ak/Projects/ANCHOR/ANCHOR/Views/Components/ComponentUtilities.swift (in target 'ANCHOR' from project 'ANCHOR')

SwiftCompile normal arm64 /Users/angadkumar16ak/Projects/ANCHOR/ANCHOR/Views/Components/ComponentUtilities.swift (in target 'ANCHOR' from project 'ANCHOR')
    cd /Users/angadkumar16ak/Projects/ANCHOR
    

SwiftDriverJobDiscovery normal arm64 Compiling QuickActionCard.swift (in target 'ANCHOR' from project 'ANCHOR')

SwiftCompile normal arm64 Compiling\ PrivacyDisclaimerView.swift /Users/angadkumar16ak/Projects/ANCHOR/ANCHOR/Views/Onboarding/PrivacyDisclaimerView.swift (in target 'ANCHOR' from project 'ANCHOR')

SwiftCompile normal arm64 /Users/angadkumar16ak/Projects/ANCHOR/ANCHOR/Views/Onboarding/PrivacyDisclaimerView.swift (in target 'ANCHOR' from project 'ANCHOR')
    cd /Users/angadkumar16ak/Projects/ANCHOR
    

SwiftDriverJobDiscovery normal arm64 Compiling DashboardView.swift (in target 'ANCHOR' from project 'ANCHOR')

SwiftCompile normal arm64 Compiling\ ANCHORDesign.swift /Users/angadkumar16ak/Projects/ANCHOR/ANCHOR/Utils/ANCHORDesign.swift (in target 'ANCHOR' from project 'ANCHOR')

SwiftCompile normal arm64 /Users/angadkumar16ak/Projects/ANCHOR/ANCHOR/Utils/ANCHORDesign.swift (in target 'ANCHOR' from project 'ANCHOR')
    cd /Users/angadkumar16ak/Projects/ANCHOR
    

SwiftDriverJobDiscovery normal arm64 Compiling StatCard.swift (in target 'ANCHOR' from project 'ANCHOR')

SwiftCompile normal arm64 Compiling\ PermissionRequestView.swift /Users/angadkumar16ak/Projects/ANCHOR/ANCHOR/Views/Onboarding/PermissionRequestView.swift (in target 'ANCHOR' from project 'ANCHOR')

SwiftCompile normal arm64 /Users/angadkumar16ak/Projects/ANCHOR/ANCHOR/Views/Onboarding/PermissionRequestView.swift (in target 'ANCHOR' from project 'ANCHOR')
    cd /Users/angadkumar16ak/Projects/ANCHOR
    

SwiftDriverJobDiscovery normal arm64 Compiling AppRootView.swift (in target 'ANCHOR' from project 'ANCHOR')

SwiftCompile normal arm64 Compiling\ ANCHORButton.swift,\ JournalEntryView.swift /Users/angadkumar16ak/Projects/ANCHOR/ANCHOR/Views/Components/ANCHORButton.swift /Users/angadkumar16ak/Projects/ANCHOR/ANCHOR/Views/Journal/JournalEntryView.swift (in target 'ANCHOR' from project 'ANCHOR')

SwiftCompile normal arm64 /Users/angadkumar16ak/Projects/ANCHOR/ANCHOR/Views/Components/ANCHORButton.swift (in target 'ANCHOR' from project 'ANCHOR')
    cd /Users/angadkumar16ak/Projects/ANCHOR
    

SwiftCompile normal arm64 /Users/angadkumar16ak/Projects/ANCHOR/ANCHOR/Views/Journal/JournalEntryView.swift (in target 'ANCHOR' from project 'ANCHOR')
    cd /Users/angadkumar16ak/Projects/ANCHOR
    

SwiftDriverJobDiscovery normal arm64 Compiling RiskQuestionView.swift (in target 'ANCHOR' from project 'ANCHOR')

SwiftCompile normal arm64 Compiling\ RiskAssessmentHistoryView.swift /Users/angadkumar16ak/Projects/ANCHOR/ANCHOR/Views/RiskAssessment/RiskAssessmentHistoryView.swift (in target 'ANCHOR' from project 'ANCHOR')

SwiftCompile normal arm64 /Users/angadkumar16ak/Projects/ANCHOR/ANCHOR/Views/RiskAssessment/RiskAssessmentHistoryView.swift (in target 'ANCHOR' from project 'ANCHOR')
    cd /Users/angadkumar16ak/Projects/ANCHOR
    

SwiftDriverJobDiscovery normal arm64 Compiling OnboardingCardView.swift (in target 'ANCHOR' from project 'ANCHOR')

SwiftCompile normal arm64 Compiling\ SplashScreenView.swift /Users/angadkumar16ak/Projects/ANCHOR/ANCHOR/Views/Onboarding/SplashScreenView.swift (in target 'ANCHOR' from project 'ANCHOR')

SwiftCompile normal arm64 /Users/angadkumar16ak/Projects/ANCHOR/ANCHOR/Views/Onboarding/SplashScreenView.swift (in target 'ANCHOR' from project 'ANCHOR')
    cd /Users/angadkumar16ak/Projects/ANCHOR
    

SwiftDriverJobDiscovery normal arm64 Compiling ANCHORDesign.swift (in target 'ANCHOR' from project 'ANCHOR')

SwiftDriverJobDiscovery normal arm64 Compiling ComponentUtilities.swift (in target 'ANCHOR' from project 'ANCHOR')

SwiftDriverJobDiscovery normal arm64 Compiling RiskAssessmentView.swift (in target 'ANCHOR' from project 'ANCHOR')

SwiftDriverJobDiscovery normal arm64 Compiling ContentView.swift (in target 'ANCHOR' from project 'ANCHOR')

SwiftDriverJobDiscovery normal arm64 Compiling MainTabView.swift (in target 'ANCHOR' from project 'ANCHOR')

SwiftDriverJobDiscovery normal arm64 Compiling PrivacyDisclaimerView.swift (in target 'ANCHOR' from project 'ANCHOR')

SwiftDriverJobDiscovery normal arm64 Compiling OnboardingView.swift (in target 'ANCHOR' from project 'ANCHOR')

SwiftDriverJobDiscovery normal arm64 Compiling PermissionRequestView.swift (in target 'ANCHOR' from project 'ANCHOR')

SwiftDriverJobDiscovery normal arm64 Compiling SplashScreenView.swift (in target 'ANCHOR' from project 'ANCHOR')

SwiftDriverJobDiscovery normal arm64 Compiling RiskAssessmentHistoryView.swift (in target 'ANCHOR' from project 'ANCHOR')

SwiftDriverJobDiscovery normal arm64 Compiling ANCHORButton.swift, JournalEntryView.swift (in target 'ANCHOR' from project 'ANCHOR')

