Command line invocation:
    /Applications/Xcode.app/Contents/Developer/usr/bin/xcodebuild -project Anchor.xcodeproj -scheme ANCHOR -sdk iphonesimulator build

Build settings from command line:
    SDKROOT = iphonesimulator26.0

2025-09-27 12:44:54.147 xcodebuild[39408:4215119] [MT] IDERunDestination: Supported platforms for the buildables in the current scheme is empty.
--- xcodebuild: WARNING: Using the first of multiple matching destinations:
{ platform:iOS Simulator, id:dvtdevice-DVTiOSDeviceSimulatorPlaceholder-iphonesimulator:placeholder, name:Any iOS Simulator Device }
{ platform:iOS Simulator, arch:arm64, id:FFE173D2-6257-4955-9FBC-B3B83FC9A0FB, OS:18.4, name:iPad (A16) }
{ platform:iOS Simulator, arch:x86_64, id:FFE173D2-6257-4955-9FBC-B3B83FC9A0FB, OS:18.4, name:iPad (A16) }
{ platform:iOS Simulator, arch:arm64, id:51604724-E04E-477F-8517-5953E7A57618, OS:26.0, name:iPad (A16) }
{ platform:iOS Simulator, arch:arm64, id:B7F51B86-6020-4F20-A2FD-364A6453C795, OS:18.4, name:iPad Air 11-inch (M3) }
{ platform:iOS Simulator, arch:x86_64, id:B7F51B86-6020-4F20-A2FD-364A6453C795, OS:18.4, name:iPad Air 11-inch (M3) }
{ platform:iOS Simulator, arch:arm64, id:7925D924-8864-47E2-A66C-8637D49688FA, OS:26.0, name:iPad Air 11-inch (M3) }
{ platform:iOS Simulator, arch:arm64, id:81B45ED7-2FE3-4844-8F60-ECACF853C944, OS:18.4, name:iPad Air 13-inch (M3) }
{ platform:iOS Simulator, arch:x86_64, id:81B45ED7-2FE3-4844-8F60-ECACF853C944, OS:18.4, name:iPad Air 13-inch (M3) }
{ platform:iOS Simulator, arch:arm64, id:B4F474EE-510A-4009-AE1D-4E058E7D60BB, OS:26.0, name:iPad Air 13-inch (M3) }
{ platform:iOS Simulator, arch:arm64, id:E1899E9C-AFD9-4090-BBAA-91773EF68E86, OS:18.4, name:iPad Pro 11-inch (M4) }
{ platform:iOS Simulator, arch:x86_64, id:E1899E9C-AFD9-4090-BBAA-91773EF68E86, OS:18.4, name:iPad Pro 11-inch (M4) }
{ platform:iOS Simulator, arch:arm64, id:D4A0882D-1A2A-4E18-B938-E62BA0DAE5EB, OS:26.0, name:iPad Pro 11-inch (M4) }
{ platform:iOS Simulator, arch:arm64, id:EFB77D55-BA3F-4E0E-A890-37CE650DA44A, OS:18.4, name:iPad Pro 13-inch (M4) }
{ platform:iOS Simulator, arch:x86_64, id:EFB77D55-BA3F-4E0E-A890-37CE650DA44A, OS:18.4, name:iPad Pro 13-inch (M4) }
{ platform:iOS Simulator, arch:arm64, id:F8BC6E69-FB46-4B34-9B37-FA18D760149B, OS:26.0, name:iPad Pro 13-inch (M4) }
{ platform:iOS Simulator, arch:arm64, id:EAF29E4A-DE93-4A84-A4AE-19504E9BA7C5, OS:18.4, name:iPad mini (A17 Pro) }
{ platform:iOS Simulator, arch:x86_64, id:EAF29E4A-DE93-4A84-A4AE-19504E9BA7C5, OS:18.4, name:iPad mini (A17 Pro) }
{ platform:iOS Simulator, arch:arm64, id:F9A524B8-0B85-4687-BC53-6A389D0716FF, OS:26.0, name:iPad mini (A17 Pro) }
{ platform:iOS Simulator, arch:arm64, id:E081CE49-21F7-4B0F-82FD-8CAF85655EC6, OS:18.4, name:iPhone 16 }
{ platform:iOS Simulator, arch:x86_64, id:E081CE49-21F7-4B0F-82FD-8CAF85655EC6, OS:18.4, name:iPhone 16 }
{ platform:iOS Simulator, arch:arm64, id:00294991-BD01-4E51-8161-5DCF69C2C72C, OS:18.4, name:iPhone 16 Plus }
{ platform:iOS Simulator, arch:x86_64, id:00294991-BD01-4E51-8161-5DCF69C2C72C, OS:18.4, name:iPhone 16 Plus }
{ platform:iOS Simulator, arch:arm64, id:DFED3A12-87EA-4924-9943-5DD552A21E30, OS:18.4, name:iPhone 16 Pro }
{ platform:iOS Simulator, arch:x86_64, id:DFED3A12-87EA-4924-9943-5DD552A21E30, OS:18.4, name:iPhone 16 Pro }
{ platform:iOS Simulator, arch:arm64, id:FBD7CADE-F0F1-4B44-9E06-4C81E8A4DB99, OS:18.4, name:iPhone 16 Pro Max }
{ platform:iOS Simulator, arch:x86_64, id:FBD7CADE-F0F1-4B44-9E06-4C81E8A4DB99, OS:18.4, name:iPhone 16 Pro Max }
{ platform:iOS Simulator, arch:arm64, id:E9375F5B-F884-4E34-AC11-C293F282651F, OS:18.4, name:iPhone 16e }
{ platform:iOS Simulator, arch:x86_64, id:E9375F5B-F884-4E34-AC11-C293F282651F, OS:18.4, name:iPhone 16e }
{ platform:iOS Simulator, arch:arm64, id:05D4B6AF-687A-46FC-9146-18D38396AC52, OS:26.0, name:iPhone 16e }
{ platform:iOS Simulator, arch:arm64, id:9EFDCB3F-9033-4A2C-9C3D-2927136AA89F, OS:26.0, name:iPhone 17 }
{ platform:iOS Simulator, arch:arm64, id:C39EE364-A265-4667-AD19-82ADCDA269E3, OS:26.0, name:iPhone 17 Pro }
{ platform:iOS Simulator, arch:arm64, id:A720295B-BDE2-4857-A312-FB653E930B01, OS:26.0, name:iPhone 17 Pro Max }
{ platform:iOS Simulator, arch:arm64, id:6BAF81B8-97AF-4B51-BC76-BD9902A6FFA3, OS:26.0, name:iPhone Air }
{ platform:macOS, arch:arm64, variant:Designed for [iPad,iPhone], id:00006040-001841520CA0801C, name:My Mac }
{ platform:iOS, id:dvtdevice-DVTiPhonePlaceholder-iphoneos:placeholder, name:Any iOS Device }
ComputePackagePrebuildTargetDependencyGraph

Prepare packages

CreateBuildRequest

SendProjectDescription

CreateBuildOperation

ComputeTargetDependencyGraph
note: Building targets in dependency order
note: Target dependency graph (1 target)
    Target 'ANCHOR' in project 'ANCHOR' (no dependencies)

GatherProvisioningInputs

CreateBuildDescription

ExecuteExternalTool /Applications/Xcode.app/Contents/Developer/Toolchains/XcodeDefault.xctoolchain/usr/bin/clang -v -E -dM -isysroot /Applications/Xcode.app/Contents/Developer/Platforms/iPhoneSimulator.platform/Developer/SDKs/iPhoneSimulator26.0.sdk -x c -c /dev/null

ExecuteExternalTool /Applications/Xcode.app/Contents/Developer/usr/bin/momc --dry-run --action generate --swift-version 5.0 --sdkroot /Applications/Xcode.app/Contents/Developer/Platforms/iPhoneSimulator.platform/Developer/SDKs/iPhoneSimulator26.0.sdk --iphonesimulator-deployment-target 18.4 --module ANCHOR /Users/angadkumar16ak/Projects/ANCHOR/ANCHOR/ANCHOR.xcdatamodeld /Users/angadkumar16ak/Library/Developer/Xcode/DerivedData/ANCHOR-auuzivatnxmjwldapwrowirofqbx/Build/Intermediates.noindex/ANCHOR.build/Debug-iphonesimulator/ANCHOR.build/DerivedSources/CoreDataGenerated/ANCHOR

ExecuteExternalTool /Applications/Xcode.app/Contents/Developer/usr/bin/actool --print-asset-tag-combinations --output-format xml1 /Users/angadkumar16ak/Projects/ANCHOR/ANCHOR/Assets.xcassets

ExecuteExternalTool /Applications/Xcode.app/Contents/Developer/usr/bin/actool --version --output-format xml1

ExecuteExternalTool /Applications/Xcode.app/Contents/Developer/Toolchains/XcodeDefault.xctoolchain/usr/bin/swiftc --version

ExecuteExternalTool /Applications/Xcode.app/Contents/Developer/Toolchains/XcodeDefault.xctoolchain/usr/bin/ld -version_details

